2026-06-16T13:02:11Z INF Thank you for trying Cloudflare Tunnel. Doing so, without a Cloudflare account, is a quick way to experiment and try it out. However, be aware that these account-less Tunnels have no uptime guarantee, are subject to the Cloudflare Online Services Terms of Use (https://www.cloudflare.com/website-terms/), and Cloudflare reserves the right to investigate your use of Tunnels for violations of such terms. If you intend to use Tunnels in production you should use a pre-created named tunnel by following: https://developers.cloudflare.com/cloudflare-one/connections/connect-apps
2026-06-16T13:02:11Z INF Requesting new quick Tunnel on trycloudflare.com...
2026-06-16T13:02:14Z INF +--------------------------------------------------------------------------------------------+
2026-06-16T13:02:14Z INF |  Your quick Tunnel has been created! Visit it at (it may take some time to be reachable):  |
2026-06-16T13:02:14Z INF |  https://separated-membrane-jewel-signatures.trycloudflare.com                             |
2026-06-16T13:02:14Z INF +--------------------------------------------------------------------------------------------+
2026-06-16T13:02:14Z INF Cannot determine default configuration path. No file [config.yml config.yaml] in [~/.cloudflared ~/.cloudflare-warp ~/cloudflare-warp /etc/cloudflared /usr/local/etc/cloudflared]
2026-06-16T13:02:14Z INF Version 2026.6.0 (Checksum 08d27c4c5d3ed73ee3e98ef2ddceb4ad09fd4cfc28e243565a189538e8ccd706)
2026-06-16T13:02:14Z INF GOOS: linux, GOVersion: go1.26.4, GoArch: amd64
2026-06-16T13:02:14Z INF Settings: map[ha-connections:1 protocol:quic url:http://localhost:8088]
2026-06-16T13:02:14Z INF cloudflared will not automatically update if installed by a package manager.
2026-06-16T13:02:14Z INF Generated Connector ID: ba28b40e-c874-4497-88ab-f6560d1c8713
2026-06-16T13:02:14Z INF Initial protocol quic
2026-06-16T13:02:14Z INF ICMP proxy will use 172.16.0.2 as source for IPv4
2026-06-16T13:02:14Z INF ICMP proxy will use fe80::a8fc:ff:fe00:2 in zone eth0 as source for IPv6
2026-06-16T13:02:14Z WRN The user running cloudflared process has a GID (group ID) that is not within ping_group_range. You might need to add that user to a group within that range, or instead update the range to encompass a group the user is already in by modifying /proc/sys/net/ipv4/ping_group_range. Otherwise cloudflared will not be able to ping this network error="Group ID 0 is not between ping group 1 to 0"
2026-06-16T13:02:14Z WRN ICMP proxy feature is disabled error="cannot create ICMPv4 proxy: Group ID 0 is not between ping group 1 to 0 nor ICMPv6 proxy: socket: permission denied"
2026-06-16T13:02:14Z INF ICMP proxy will use 172.16.0.2 as source for IPv4
2026-06-16T13:02:14Z INF ICMP proxy will use fe80::a8fc:ff:fe00:2 in zone eth0 as source for IPv6
2026-06-16T13:02:14Z INF Starting metrics server on 127.0.0.1:20241/metrics
2026-06-16T13:02:14Z INF Tunnel connection curve preferences: [X25519MLKEM768 CurveID(65074) CurveP256] connIndex=0 event=0 ip=198.41.200.43
2026-06-16T13:02:14Z INF Registered tunnel connection connIndex=0 connection=c5480ed6-bc42-400d-ab73-cc8c56781031 event=0 ip=198.41.200.43 location=ewr07 protocol=quic
2026-06-16T13:02:20Z INF +-------------------------------------------------------------------------------------+
2026-06-16T13:02:20Z INF |                               CONNECTIVITY PRE-CHECKS                               |
2026-06-16T13:02:20Z INF +-------------------------------------------------------------------------------------+
2026-06-16T13:02:20Z INF |  COMPONENT         TARGET                     STATUS  DETAILS                       |
2026-06-16T13:02:20Z INF |  DNS Resolution    region1.v2.argotunnel.com  PASS    DNS Resolved successfully     |
2026-06-16T13:02:20Z INF |  DNS Resolution    region2.v2.argotunnel.com  PASS    DNS Resolved successfully     |
2026-06-16T13:02:20Z INF |  UDP Connectivity  region1.v2.argotunnel.com  PASS    QUIC connection successful    |
2026-06-16T13:02:20Z INF |  UDP Connectivity  region2.v2.argotunnel.com  PASS    QUIC connection successful    |
2026-06-16T13:02:20Z INF |  TCP Connectivity  region1.v2.argotunnel.com  PASS    HTTP/2 connection successful  |
2026-06-16T13:02:20Z INF |  TCP Connectivity  region2.v2.argotunnel.com  PASS    HTTP/2 connection successful  |
2026-06-16T13:02:20Z INF |  Cloudflare API    api.cloudflare.com:443     PASS    API is reachable              |
2026-06-16T13:02:20Z INF |                                                                                     |
2026-06-16T13:02:20Z INF |  SUMMARY: Environment is healthy. cloudflared will use 'quic' as primary protocol.  |
2026-06-16T13:02:20Z INF +-------------------------------------------------------------------------------------+
2026-06-16T13:02:20Z INF precheck component="DNS Resolution" details="DNS Resolved successfully" run_id=86f6f007-5a53-48d1-81c6-c69c8f41797e status=pass target=region1.v2.argotunnel.com
2026-06-16T13:02:20Z INF precheck component="DNS Resolution" details="DNS Resolved successfully" run_id=86f6f007-5a53-48d1-81c6-c69c8f41797e status=pass target=region2.v2.argotunnel.com
2026-06-16T13:02:20Z INF precheck component="UDP Connectivity" details="QUIC connection successful" run_id=86f6f007-5a53-48d1-81c6-c69c8f41797e status=pass target=region1.v2.argotunnel.com
2026-06-16T13:02:20Z INF precheck component="UDP Connectivity" details="QUIC connection successful" run_id=86f6f007-5a53-48d1-81c6-c69c8f41797e status=pass target=region2.v2.argotunnel.com
2026-06-16T13:02:20Z INF precheck component="TCP Connectivity" details="HTTP/2 connection successful" run_id=86f6f007-5a53-48d1-81c6-c69c8f41797e status=pass target=region1.v2.argotunnel.com
2026-06-16T13:02:20Z INF precheck component="TCP Connectivity" details="HTTP/2 connection successful" run_id=86f6f007-5a53-48d1-81c6-c69c8f41797e status=pass target=region2.v2.argotunnel.com
2026-06-16T13:02:20Z INF precheck component="Cloudflare API" details="API is reachable" run_id=86f6f007-5a53-48d1-81c6-c69c8f41797e status=pass target=api.cloudflare.com:443
2026-06-16T13:02:20Z INF precheck complete hard_fail=false run_id=86f6f007-5a53-48d1-81c6-c69c8f41797e suggested_protocol=quic
2026-06-17T03:41:48Z INF Initiating graceful shutdown due to signal terminated ...
2026-06-17T03:41:48Z ERR failed to run the datagram handler error="Application error 0x0 (remote)" connIndex=0 event=0 ip=198.41.200.43
2026-06-17T03:41:48Z ERR failed to serve tunnel connection error="accept stream listener encountered a failure while serving" connIndex=0 event=0 ip=198.41.200.43
2026-06-17T03:41:48Z ERR Serve tunnel error error="accept stream listener encountered a failure while serving" connIndex=0 event=0 ip=198.41.200.43
2026-06-17T03:41:48Z INF Retrying connection in up to 1s connIndex=0 event=0 ip=198.41.200.43
2026-06-17T03:41:48Z ERR Connection terminated connIndex=0
2026-06-17T03:41:48Z ERR no more connections active and exiting
2026-06-17T03:41:48Z INF Tunnel server stopped
2026-06-17T03:41:48Z INF Metrics server stopped
